INFO     Reading in test file /home/andrew/repositories/gpuocelot/branch/ocelot-vector-subkernel/regression/full.level
INFO      Found the following tests:
INFO       /home/andrew/repositories/gpuocelot/branch/ocelot-vector-subkernel/.release_build/TestLexer
INFO       /home/andrew/repositories/gpuocelot/branch/ocelot-vector-subkernel/.release_build/TestParser
INFO       /home/andrew/repositories/gpuocelot/branch/ocelot-vector-subkernel/.release_build/TestEmulator
INFO       /home/andrew/repositories/gpuocelot/branch/ocelot-vector-subkernel/.release_build/TestInstructions
INFO       /home/andrew/repositories/gpuocelot/branch/ocelot-vector-subkernel/.release_build/TestKernels
INFO       /home/andrew/repositories/gpuocelot/branch/ocelot-vector-subkernel/.release_build/TestDataflowGraph
INFO       /home/andrew/repositories/gpuocelot/branch/ocelot-vector-subkernel/.release_build/TestLLVMInstructions
INFO       /home/andrew/repositories/gpuocelot/branch/ocelot-vector-subkernel/.release_build/TestPTXToLLVMTranslator
INFO       /home/andrew/repositories/gpuocelot/branch/ocelot-vector-subkernel/.release_build/TestLLVMKernels
INFO       /home/andrew/repositories/gpuocelot/branch/ocelot-vector-subkernel/.release_build/TestCudaMalloc
INFO       /home/andrew/repositories/gpuocelot/branch/ocelot-vector-subkernel/.release_build/TestCudaTexture2D
INFO       /home/andrew/repositories/gpuocelot/branch/ocelot-vector-subkernel/.release_build/TestCudaTextureArray
INFO       /home/andrew/repositories/gpuocelot/branch/ocelot-vector-subkernel/.release_build/TestCudaGlobals
INFO       /home/andrew/repositories/gpuocelot/branch/ocelot-vector-subkernel/.release_build/TestDeviceSwitching
INFO       /home/andrew/repositories/gpuocelot/branch/ocelot-vector-subkernel/.release_build/TestCudaSequence
INFO       /home/andrew/repositories/gpuocelot/branch/ocelot-vector-subkernel/.release_build/TestCalVectorScale
INFO       /home/andrew/repositories/gpuocelot/branch/ocelot-vector-subkernel/.release_build/TestPTXAssembly
INFO       /home/andrew/repositories/gpuocelot/branch/ocelot-vector-subkernel/.release_build/TestFunctionCall
INFO       /home/andrew/repositories/gpuocelot/branch/ocelot-vector-subkernel/.release_build/TestIndirectFunctionCall
INFO       /home/andrew/repositories/gpuocelot/branch/ocelot-vector-subkernel/.release_build/TestExternalFunctions
INFO     ==== INDIVIDUAL TEST RESULTS ====

INFO     Running test program /home/andrew/repositories/gpuocelot/branch/ocelot-vector-subkernel/.release_build/TestDeviceSwitching 
INFO     Running test program /home/andrew/repositories/gpuocelot/branch/ocelot-vector-subkernel/.release_build/TestLLVMInstructions 
INFO     Running test program /home/andrew/repositories/gpuocelot/branch/ocelot-vector-subkernel/.release_build/TestFunctionCall 
INFO     Running test program /home/andrew/repositories/gpuocelot/branch/ocelot-vector-subkernel/.release_build/TestCudaTexture2D 
INFO     Test /home/andrew/repositories/gpuocelot/branch/ocelot-vector-subkernel/.release_build/TestDeviceSwitching
INFO     Test completed in 0.00311493873596 seconds
INFO      It produced the following output:
/home/andrew/repositories/gpuocelot/branch/ocelot-vector-subkernel/.release_build/TestDeviceSwitching: error while loading shared libraries: libpapi.so: cannot open shared object file: No such file or directory

INFO     Test /home/andrew/repositories/gpuocelot/branch/ocelot-vector-subkernel/.release_build/TestLLVMInstructions
INFO     Test completed in 0.00217819213867 seconds
INFO      It produced the following output:
/home/andrew/repositories/gpuocelot/branch/ocelot-vector-subkernel/.release_build/TestLLVMInstructions: error while loading shared libraries: libpapi.so: cannot open shared object file: No such file or directory

INFO     Test /home/andrew/repositories/gpuocelot/branch/ocelot-vector-subkernel/.release_build/TestCudaTexture2D
INFO     Test completed in 0.00152897834778 seconds
INFO      It produced the following output:
/home/andrew/repositories/gpuocelot/branch/ocelot-vector-subkernel/.release_build/TestCudaTexture2D: error while loading shared libraries: libpapi.so: cannot open shared object file: No such file or directory

INFO     Test /home/andrew/repositories/gpuocelot/branch/ocelot-vector-subkernel/.release_build/TestFunctionCall
INFO     Test completed in 0.00295090675354 seconds
INFO      It produced the following output:
/home/andrew/repositories/gpuocelot/branch/ocelot-vector-subkernel/.release_build/TestFunctionCall: error while loading shared libraries: libpapi.so: cannot open shared object file: No such file or directory

INFO     Running test program /home/andrew/repositories/gpuocelot/branch/ocelot-vector-subkernel/.release_build/TestInstructions 
INFO     Running test program /home/andrew/repositories/gpuocelot/branch/ocelot-vector-subkernel/.release_build/TestCudaSequence 
INFO     Running test program /home/andrew/repositories/gpuocelot/branch/ocelot-vector-subkernel/.release_build/TestPTXToLLVMTranslator -i ../tests/ptx 
INFO     Running test program /home/andrew/repositories/gpuocelot/branch/ocelot-vector-subkernel/.release_build/TestLexer -i ../tests/ptx 
INFO     Test /home/andrew/repositories/gpuocelot/branch/ocelot-vector-subkernel/.release_build/TestInstructions
INFO     Test completed in 0.00189995765686 seconds
INFO      It produced the following output:
/home/andrew/repositories/gpuocelot/branch/ocelot-vector-subkernel/.release_build/TestInstructions: error while loading shared libraries: libpapi.so: cannot open shared object file: No such file or directory

INFO     Test /home/andrew/repositories/gpuocelot/branch/ocelot-vector-subkernel/.release_build/TestPTXToLLVMTranslator
INFO     Test completed in 0.0018138885498 seconds
INFO      It produced the following output:
/home/andrew/repositories/gpuocelot/branch/ocelot-vector-subkernel/.release_build/TestPTXToLLVMTranslator: error while loading shared libraries: libpapi.so: cannot open shared object file: No such file or directory

INFO     Test /home/andrew/repositories/gpuocelot/branch/ocelot-vector-subkernel/.release_build/TestCudaSequence
INFO     Test completed in 0.00325512886047 seconds
INFO      It produced the following output:
/home/andrew/repositories/gpuocelot/branch/ocelot-vector-subkernel/.release_build/TestCudaSequence: error while loading shared libraries: libpapi.so: cannot open shared object file: No such file or directory

INFO     Running test program /home/andrew/repositories/gpuocelot/branch/ocelot-vector-subkernel/.release_build/TestIndirectFunctionCall 
INFO     Running test program /home/andrew/repositories/gpuocelot/branch/ocelot-vector-subkernel/.release_build/TestCudaTextureArray 
INFO     Test /home/andrew/repositories/gpuocelot/branch/ocelot-vector-subkernel/.release_build/TestLexer
INFO     Test completed in 0.00284790992737 seconds
INFO      It produced the following output:
/home/andrew/repositories/gpuocelot/branch/ocelot-vector-subkernel/.release_build/TestLexer: error while loading shared libraries: libpapi.so: cannot open shared object file: No such file or directory

INFO     Running test program /home/andrew/repositories/gpuocelot/branch/ocelot-vector-subkernel/.release_build/TestKernels 
INFO     Test /home/andrew/repositories/gpuocelot/branch/ocelot-vector-subkernel/.release_build/TestIndirectFunctionCall
INFO     Test completed in 0.0018949508667 seconds
INFO      It produced the following output:
/home/andrew/repositories/gpuocelot/branch/ocelot-vector-subkernel/.release_build/TestIndirectFunctionCall: error while loading shared libraries: libpapi.so: cannot open shared object file: No such file or directory

INFO     Test /home/andrew/repositories/gpuocelot/branch/ocelot-vector-subkernel/.release_build/TestCudaTextureArray
INFO     Test completed in 0.00212812423706 seconds
INFO      It produced the following output:
/home/andrew/repositories/gpuocelot/branch/ocelot-vector-subkernel/.release_build/TestCudaTextureArray: error while loading shared libraries: libpapi.so: cannot open shared object file: No such file or directory

INFO     Running test program /home/andrew/repositories/gpuocelot/branch/ocelot-vector-subkernel/.release_build/TestCalVectorScale 
INFO     Running test program /home/andrew/repositories/gpuocelot/branch/ocelot-vector-subkernel/.release_build/TestLLVMKernels 
INFO     Test /home/andrew/repositories/gpuocelot/branch/ocelot-vector-subkernel/.release_build/TestKernels
INFO     Test completed in 0.00233817100525 seconds
INFO      It produced the following output:
/home/andrew/repositories/gpuocelot/branch/ocelot-vector-subkernel/.release_build/TestKernels: error while loading shared libraries: libpapi.so: cannot open shared object file: No such file or directory

INFO     Running test program /home/andrew/repositories/gpuocelot/branch/ocelot-vector-subkernel/.release_build/TestParser -i ../tests/ptx 
INFO     Running test program /home/andrew/repositories/gpuocelot/branch/ocelot-vector-subkernel/.release_build/TestExternalFunctions 
INFO     Test /home/andrew/repositories/gpuocelot/branch/ocelot-vector-subkernel/.release_build/TestLLVMKernels
INFO     Test completed in 0.00196409225464 seconds
INFO      It produced the following output:
/home/andrew/repositories/gpuocelot/branch/ocelot-vector-subkernel/.release_build/TestLLVMKernels: error while loading shared libraries: libpapi.so: cannot open shared object file: No such file or directory

INFO     Test /home/andrew/repositories/gpuocelot/branch/ocelot-vector-subkernel/.release_build/TestCalVectorScale
INFO     Test completed in 0.00349593162537 seconds
INFO      It produced the following output:
/home/andrew/repositories/gpuocelot/branch/ocelot-vector-subkernel/.release_build/TestCalVectorScale: error while loading shared libraries: libpapi.so: cannot open shared object file: No such file or directory

INFO     Test /home/andrew/repositories/gpuocelot/branch/ocelot-vector-subkernel/.release_build/TestParser
INFO     Test completed in 0.00183010101318 seconds
INFO      It produced the following output:
/home/andrew/repositories/gpuocelot/branch/ocelot-vector-subkernel/.release_build/TestParser: error while loading shared libraries: libpapi.so: cannot open shared object file: No such file or directory

INFO     Running test program /home/andrew/repositories/gpuocelot/branch/ocelot-vector-subkernel/.release_build/TestCudaGlobals 
INFO     Running test program /home/andrew/repositories/gpuocelot/branch/ocelot-vector-subkernel/.release_build/TestEmulator 
INFO     Test /home/andrew/repositories/gpuocelot/branch/ocelot-vector-subkernel/.release_build/TestExternalFunctions
INFO     Test completed in 0.00193214416504 seconds
INFO      It produced the following output:
/home/andrew/repositories/gpuocelot/branch/ocelot-vector-subkernel/.release_build/TestExternalFunctions: error while loading shared libraries: libpapi.so: cannot open shared object file: No such file or directory

INFO     Running test program /home/andrew/repositories/gpuocelot/branch/ocelot-vector-subkernel/.release_build/TestPTXAssembly 
INFO     Running test program /home/andrew/repositories/gpuocelot/branch/ocelot-vector-subkernel/.release_build/TestCudaMalloc 
INFO     Test /home/andrew/repositories/gpuocelot/branch/ocelot-vector-subkernel/.release_build/TestCudaGlobals
INFO     Test completed in 0.00287008285522 seconds
INFO      It produced the following output:
/home/andrew/repositories/gpuocelot/branch/ocelot-vector-subkernel/.release_build/TestCudaGlobals: error while loading shared libraries: libpapi.so: cannot open shared object file: No such file or directory

INFO     Test /home/andrew/repositories/gpuocelot/branch/ocelot-vector-subkernel/.release_build/TestEmulator
INFO     Test completed in 0.00210690498352 seconds
INFO      It produced the following output:
/home/andrew/repositories/gpuocelot/branch/ocelot-vector-subkernel/.release_build/TestEmulator: error while loading shared libraries: libpapi.so: cannot open shared object file: No such file or directory

INFO     Test /home/andrew/repositories/gpuocelot/branch/ocelot-vector-subkernel/.release_build/TestPTXAssembly
INFO     Test completed in 0.00179100036621 seconds
INFO      It produced the following output:
/home/andrew/repositories/gpuocelot/branch/ocelot-vector-subkernel/.release_build/TestPTXAssembly: error while loading shared libraries: libpapi.so: cannot open shared object file: No such file or directory

INFO     Running test program /home/andrew/repositories/gpuocelot/branch/ocelot-vector-subkernel/.release_build/TestDataflowGraph -i ../tests/ptx 
INFO     Test /home/andrew/repositories/gpuocelot/branch/ocelot-vector-subkernel/.release_build/TestCudaMalloc
INFO     Test completed in 0.00235390663147 seconds
INFO      It produced the following output:
/home/andrew/repositories/gpuocelot/branch/ocelot-vector-subkernel/.release_build/TestCudaMalloc: error while loading shared libraries: libpapi.so: cannot open shared object file: No such file or directory

INFO     Test /home/andrew/repositories/gpuocelot/branch/ocelot-vector-subkernel/.release_build/TestDataflowGraph
INFO     Test completed in 0.00173187255859 seconds
INFO      It produced the following output:
/home/andrew/repositories/gpuocelot/branch/ocelot-vector-subkernel/.release_build/TestDataflowGraph: error while loading shared libraries: libpapi.so: cannot open shared object file: No such file or directory

INFO     
Passing tests:

Failing tests:
 (0.003s) : /home/andrew/repositories/gpuocelot/branch/ocelot-vector-subkernel/.release_build/TestCudaSequence : Did not complete.
 (0.002s) : /home/andrew/repositories/gpuocelot/branch/ocelot-vector-subkernel/.release_build/TestPTXAssembly : Did not complete.
 (0.002s) : /home/andrew/repositories/gpuocelot/branch/ocelot-vector-subkernel/.release_build/TestDataflowGraph : Did not complete.
 (0.002s) : /home/andrew/repositories/gpuocelot/branch/ocelot-vector-subkernel/.release_build/TestCudaTexture2D : Did not complete.
 (0.002s) : /home/andrew/repositories/gpuocelot/branch/ocelot-vector-subkernel/.release_build/TestIndirectFunctionCall : Did not complete.
 (0.002s) : /home/andrew/repositories/gpuocelot/branch/ocelot-vector-subkernel/.release_build/TestLLVMKernels : Did not complete.
 (0.003s) : /home/andrew/repositories/gpuocelot/branch/ocelot-vector-subkernel/.release_build/TestCudaGlobals : Did not complete.
 (0.002s) : /home/andrew/repositories/gpuocelot/branch/ocelot-vector-subkernel/.release_build/TestCudaTextureArray : Did not complete.
 (0.003s) : /home/andrew/repositories/gpuocelot/branch/ocelot-vector-subkernel/.release_build/TestLexer : Did not complete.
 (0.002s) : /home/andrew/repositories/gpuocelot/branch/ocelot-vector-subkernel/.release_build/TestPTXToLLVMTranslator : Did not complete.
 (0.002s) : /home/andrew/repositories/gpuocelot/branch/ocelot-vector-subkernel/.release_build/TestCudaMalloc : Did not complete.
 (0.002s) : /home/andrew/repositories/gpuocelot/branch/ocelot-vector-subkernel/.release_build/TestExternalFunctions : Did not complete.
 (0.002s) : /home/andrew/repositories/gpuocelot/branch/ocelot-vector-subkernel/.release_build/TestParser : Did not complete.
 (0.003s) : /home/andrew/repositories/gpuocelot/branch/ocelot-vector-subkernel/.release_build/TestDeviceSwitching : Did not complete.
 (0.002s) : /home/andrew/repositories/gpuocelot/branch/ocelot-vector-subkernel/.release_build/TestInstructions : Did not complete.
 (0.002s) : /home/andrew/repositories/gpuocelot/branch/ocelot-vector-subkernel/.release_build/TestLLVMInstructions : Did not complete.
 (0.003s) : /home/andrew/repositories/gpuocelot/branch/ocelot-vector-subkernel/.release_build/TestCalVectorScale : Did not complete.
 (0.002s) : /home/andrew/repositories/gpuocelot/branch/ocelot-vector-subkernel/.release_build/TestEmulator : Did not complete.
 (0.003s) : /home/andrew/repositories/gpuocelot/branch/ocelot-vector-subkernel/.release_build/TestFunctionCall : Did not complete.
 (0.002s) : /home/andrew/repositories/gpuocelot/branch/ocelot-vector-subkernel/.release_build/TestKernels : Did not complete.

